[2023-10-19 14:02:50] START
[2023-10-19 14:02:50] EDIT astroapp/private/appconfig.ini: 0
[2023-10-19 14:07:21] EDIT astroapp/views/default/index.html: 3
[2023-10-19 14:08:21] EDIT astroapp/models/menu.py: 0
[2023-10-19 14:13:35] EDIT astroapp/views/default/index.html: 0
[2023-10-19 14:18:34] EDIT astroapp/models/db_wizard.py: 2
[2023-10-19 14:21:47] EDIT astroapp/views/layout.html: 0
[2023-10-19 14:37:14] EDIT astroapp/views/layout.html: 0
[2023-10-19 14:41:53] EDIT astroapp/views/layout.html: -1
[2023-10-19 14:42:23] EDIT astroapp/views/layout.html: 1
[2023-10-19 14:43:08] EDIT astroapp/views/layout.html: 0
[2023-10-19 14:43:28] EDIT astroapp/views/layout.html: 0
[2023-10-19 17:49:10] EDIT astroapp/controllers/default.py: 1
[2023-10-19 22:22:44] EDIT astroapp/views/layout.html: 0
[2023-10-19 22:24:21] EDIT astroapp/views/default/camara_manage.html: 0
[2023-10-19 22:25:05] EDIT astroapp/views/default/marca_manage.html: 0
[2023-10-19 22:25:33] EDIT astroapp/views/default/observador_manage.html: 0
[2023-10-19 22:26:04] EDIT astroapp/views/default/observacion_manage.html: 0
[2023-10-19 22:28:16] EDIT astroapp/views/default/objetivo_manage.html: 0
[2023-10-19 22:28:45] EDIT astroapp/views/default/lugar_manage.html: 0
[2023-10-19 22:32:00] CREATE personal.html: 0
[2023-10-19 22:32:53] EDIT astroapp/views/personal.html: -1
[2023-10-19 22:33:15] EDIT astroapp/views/default/lugar_manage.html: 0
[2023-10-19 22:33:56] EDIT astroapp/views/default/lugar_manage.html: 0
[2023-10-19 22:39:34] EDIT astroapp/views/personal.html: 127
[2023-10-19 22:49:20] EDIT astroapp/views/layout.html: 0
[2023-10-20 21:26:30] EDIT astroapp/views/personal.html: 0
[2023-10-20 21:26:58] EDIT astroapp/views/default/observador_manage.html: 0
[2023-10-20 21:28:18] EDIT astroapp/views/personal.html: 0
[2023-10-20 21:30:04] EDIT astroapp/views/personal.html: 0
[2023-10-20 21:30:33] EDIT astroapp/views/personal.html: 0
[2023-10-20 21:31:18] EDIT astroapp/views/personal.html: 0
[2023-10-20 21:34:03] EDIT astroapp/views/personal.html: 0
[2023-10-20 21:59:31] EDIT astroapp/views/default/observador_manage.html: -1
[2023-10-20 22:03:16] EDIT astroapp/views/default/observador_manage.html: 6
[2023-10-20 22:04:07] EDIT astroapp/views/default/observador_manage.html: 0
[2023-10-20 22:06:09] EDIT astroapp/views/default/observador_manage.html: -4
[2023-10-20 22:06:23] EDIT astroapp/views/default/observador_manage.html: 1
[2023-10-20 22:06:38] EDIT astroapp/views/default/observador_manage.html: 0
[2023-10-20 22:07:19] EDIT astroapp/views/default/observador_manage.html: 0
[2023-10-20 22:42:08] EDIT astroapp/views/personal.html: -122
[2023-10-20 22:42:59] EDIT astroapp/views/personal.html: 0
[2023-10-20 22:44:51] EDIT astroapp/views/personal.html: 0
[2023-10-20 22:47:09] EDIT astroapp/views/personal.html: 2
[2023-10-20 22:49:39] EDIT astroapp/views/default/observador_manage.html: 5
[2023-10-20 22:49:56] EDIT astroapp/views/default/observador_manage.html: -5
[2023-10-20 22:51:19] EDIT astroapp/views/default/observador_manage.html: 0
[2023-10-20 23:02:25] EDIT astroapp/views/personal.html: -2
[2023-10-20 23:02:38] EDIT astroapp/views/personal.html: 0
[2023-10-20 23:11:33] EDIT astroapp/views/personal.html: 0
[2023-10-20 23:15:04] EDIT astroapp/views/default/observador_manage.html: 0
[2023-10-21 20:24:53] EDIT astroapp/views/personal.html: -1
[2023-10-21 20:25:29] EDIT astroapp/views/default/observador_manage.html: 0
[2023-10-21 20:27:22] EDIT astroapp/views/default/observador_manage.html: 4
[2023-10-21 20:29:39] EDIT astroapp/views/personal.html: 28
[2023-10-21 20:30:16] EDIT astroapp/views/default/observador_manage.html: -5
[2023-10-21 20:30:45] EDIT astroapp/views/default/observador_manage.html: 0
[2023-10-21 20:34:48] EDIT astroapp/controllers/default.py: 6
[2023-10-21 20:35:05] EDIT astroapp/views/default/observador_manage.html: 0
[2023-10-21 20:42:16] EDIT astroapp/views/default/observador_manage.html: 0
[2023-10-21 20:47:11] EDIT astroapp/controllers/default.py: -6
[2023-10-21 20:47:26] EDIT astroapp/views/default/observador_manage.html: 9
[2023-10-21 20:47:44] EDIT astroapp/views/default/observador_manage.html: -1
[2023-10-23 10:03:30] EDIT astroapp/views/default/observador_manage.html: -6
[2023-10-23 17:38:42] EDIT astroapp/controllers/default.py: 5
[2023-10-23 17:40:42] EDIT astroapp/views/default/observador_manage.html: 2
[2023-10-23 17:42:34] EDIT astroapp/views/default/observador_manage.html: 3
[2023-10-23 17:45:27] EDIT astroapp/views/default/observador_manage.html: 1
[2023-10-23 17:47:09] EDIT astroapp/views/default/observador_manage.html: 0
[2023-10-23 17:47:54] EDIT astroapp/controllers/default.py: 7
[2023-10-23 17:52:50] EDIT astroapp/controllers/default.py: 0
[2023-10-23 17:53:00] EDIT astroapp/controllers/default.py: 0
[2023-10-23 17:55:05] EDIT astroapp/controllers/default.py: 0
[2023-10-23 17:55:07] EDIT astroapp/controllers/default.py: 0
[2023-10-23 17:56:03] EDIT astroapp/controllers/default.py: 0
[2023-10-23 17:57:06] EDIT astroapp/views/default/observador_manage.html: 0
[2023-10-23 18:07:54] EDIT astroapp/controllers/default.py: 0
[2023-10-23 18:08:23] EDIT astroapp/views/default/observador_manage.html: -7
[2023-10-23 18:08:56] EDIT astroapp/views/default/observador_manage.html: 0
[2023-10-23 18:22:15] EDIT astroapp/views/appadmin.html: -1
[2023-10-23 18:22:49] EDIT astroapp/views/appadmin.html: 0
[2023-10-23 18:23:32] EDIT astroapp/views/appadmin.html: 1
[2023-10-23 18:28:23] EDIT astroapp/views/appadmin.html: 0
[2023-10-23 18:35:10] EDIT astroapp/views/layout.html: 0
[2023-10-23 18:36:25] EDIT astroapp/views/layout.html: 0
[2023-10-23 18:37:53] EDIT astroapp/views/layout.html: -3
[2023-10-23 18:38:44] EDIT astroapp/views/layout.html: 3
[2023-10-23 18:40:23] EDIT astroapp/views/layout.html: 0
[2023-10-31 23:27:23] EDIT astroapp/static/css/web2py.css: -5
[2023-10-31 23:28:19] EDIT astroapp/static/css/web2py.css: 5
[2023-10-31 23:28:46] EDIT astroapp/static/css/web2py.css: 2
[2023-10-31 23:29:28] EDIT astroapp/static/css/web2py.css: -2
[2023-10-31 23:29:40] EDIT astroapp/static/css/web2py.css: 0
[2023-10-31 23:30:28] EDIT astroapp/static/css/web2py.css: 0
[2023-10-31 23:30:41] EDIT astroapp/static/css/web2py.css: 0
